This is pdfTeX, Version 3.14159265-2.6-1.40.15 (TeX Live 2014) (preloaded format=pdflatex 2015.2.27)  21 SEP 2017 11:53
entering extended mode
 restricted \write18 enabled.
 %&-line parsing enabled.
**main.tex
(./main.tex
LaTeX2e <2014/05/01>
Babel <3.9l> and hyphenation patterns for 79 languages loaded.

(/cvmfs/sft.cern.ch/lcg/external/texlive/2014/texmf-dist/tex/latex/beamer/beame
r.cls
(/cvmfs/sft.cern.ch/lcg/external/texlive/2014/texmf-dist/tex/latex/beamer/beame
rbasercs.sty
Package: beamerbasercs 2015/02/22 (rcs-revision 5383084573b3)
)
Document Class: beamer 2015/01/05 3.34 A class for typesetting presentations (r
cs-revision 8a39122e1f63)

(/cvmfs/sft.cern.ch/lcg/external/texlive/2014/texmf-dist/tex/latex/beamer/beame
rbasemodes.sty
Package: beamerbasemodes 2013/09/03 (rcs-revision 768f2d98ca64)
\beamer@tempbox=\box26
\beamer@tempcount=\count79
\c@beamerpauses=\count80

(/cvmfs/sft.cern.ch/lcg/external/texlive/2014/texmf-dist/tex/latex/beamer/beame
rbasedecode.sty
Package: beamerbasedecode 2010/05/01 (rcs-revision efa082c6111d)
\beamer@slideinframe=\count81
\beamer@minimum=\count82
)
\beamer@commentbox=\box27
\beamer@modecount=\count83
)
(/cvmfs/sft.cern.ch/lcg/external/texlive/2014/texmf-dist/tex/generic/oberdiek/i
fpdf.sty
Package: ifpdf 2011/01/30 v2.3 Provides the ifpdf switch (HO)
Package ifpdf Info: pdfTeX in PDF mode is detected.
)
\headheight=\dimen102
\headdp=\dimen103
\footheight=\dimen104
\sidebarheight=\dimen105
\beamer@tempdim=\dimen106
\beamer@finalheight=\dimen107
\beamer@animht=\dimen108
\beamer@animdp=\dimen109
\beamer@animwd=\dimen110
\beamer@leftmargin=\dimen111
\beamer@rightmargin=\dimen112
\beamer@leftsidebar=\dimen113
\beamer@rightsidebar=\dimen114
\beamer@boxsize=\dimen115
\beamer@vboxoffset=\dimen116
\beamer@descdefault=\dimen117
\beamer@descriptionwidth=\dimen118
\beamer@lastskip=\skip41
\beamer@areabox=\box28
\beamer@animcurrent=\box29
\beamer@animshowbox=\box30
\beamer@sectionbox=\box31
\beamer@logobox=\box32
\beamer@linebox=\box33
\beamer@sectioncount=\count84
\beamer@subsubsectionmax=\count85
\beamer@subsectionmax=\count86
\beamer@sectionmax=\count87
\beamer@totalheads=\count88
\beamer@headcounter=\count89
\beamer@partstartpage=\count90
\beamer@sectionstartpage=\count91
\beamer@subsectionstartpage=\count92
\beamer@animationtempa=\count93
\beamer@animationtempb=\count94
\beamer@xpos=\count95
\beamer@ypos=\count96
\beamer@showpartnumber=\count97
\beamer@currentsubsection=\count98
\beamer@coveringdepth=\count99
\beamer@sectionadjust=\count100
\beamer@tocsectionnumber=\count101

(/cvmfs/sft.cern.ch/lcg/external/texlive/2014/texmf-dist/tex/latex/beamer/beame
rbaseoptions.sty
Package: beamerbaseoptions 2013/03/10 (rcs-revision 47431932db0d)

(/cvmfs/sft.cern.ch/lcg/external/texlive/2014/texmf-dist/tex/latex/graphics/key
val.sty
Package: keyval 2014/10/28 v1.15 key=value parser (DPC)
\KV@toks@=\toks14
))
\beamer@paperwidth=\skip42
\beamer@paperheight=\skip43

(/cvmfs/sft.cern.ch/lcg/external/texlive/2014/texmf-dist/tex/latex/geometry/geo
metry.sty
Package: geometry 2010/09/12 v5.6 Page Geometry

(/cvmfs/sft.cern.ch/lcg/external/texlive/2014/texmf-dist/tex/generic/oberdiek/i
fvtex.sty
Package: ifvtex 2010/03/01 v1.5 Detect VTeX and its facilities (HO)
Package ifvtex Info: VTeX not detected.
)
(/cvmfs/sft.cern.ch/lcg/external/texlive/2014/texmf-dist/tex/generic/ifxetex/if
xetex.sty
Package: ifxetex 2010/09/12 v0.6 Provides ifxetex conditional
)
\Gm@cnth=\count102
\Gm@cntv=\count103
\c@Gm@tempcnt=\count104
\Gm@bindingoffset=\dimen119
\Gm@wd@mp=\dimen120
\Gm@odd@mp=\dimen121
\Gm@even@mp=\dimen122
\Gm@layoutwidth=\dimen123
\Gm@layoutheight=\dimen124
\Gm@layouthoffset=\dimen125
\Gm@layoutvoffset=\dimen126
\Gm@dimlist=\toks15
)
(/cvmfs/sft.cern.ch/lcg/external/texlive/2014/texmf-dist/tex/latex/base/size11.
clo
File: size11.clo 2014/09/29 v1.4h Standard LaTeX file (size option)
)
(/cvmfs/sft.cern.ch/lcg/external/texlive/2014/texmf-dist/tex/latex/pgf/basiclay
er/pgfcore.sty
(/cvmfs/sft.cern.ch/lcg/external/texlive/2014/texmf-dist/tex/latex/graphics/gra
phicx.sty
Package: graphicx 2014/10/28 v1.0g Enhanced LaTeX Graphics (DPC,SPQR)

(/cvmfs/sft.cern.ch/lcg/external/texlive/2014/texmf-dist/tex/latex/graphics/gra
phics.sty
Package: graphics 2014/10/28 v1.0p Standard LaTeX Graphics (DPC,SPQR)

(/cvmfs/sft.cern.ch/lcg/external/texlive/2014/texmf-dist/tex/latex/graphics/tri
g.sty
Package: trig 1999/03/16 v1.09 sin cos tan (DPC)
)
(/cvmfs/sft.cern.ch/lcg/external/texlive/2014/texmf-dist/tex/latex/latexconfig/
graphics.cfg
File: graphics.cfg 2010/04/23 v1.9 graphics configuration of TeX Live
)
Package graphics Info: Driver file: pdftex.def on input line 91.

(/cvmfs/sft.cern.ch/lcg/external/texlive/2014/texmf-dist/tex/latex/pdftex-def/p
dftex.def
File: pdftex.def 2011/05/27 v0.06d Graphics/color for pdfTeX

(/cvmfs/sft.cern.ch/lcg/external/texlive/2014/texmf-dist/tex/generic/oberdiek/i
nfwarerr.sty
Package: infwarerr 2010/04/08 v1.3 Providing info/warning/error messages (HO)
)
(/cvmfs/sft.cern.ch/lcg/external/texlive/2014/texmf-dist/tex/generic/oberdiek/l
txcmds.sty
Package: ltxcmds 2011/11/09 v1.22 LaTeX kernel commands for general use (HO)
)
\Gread@gobject=\count105
))
\Gin@req@height=\dimen127
\Gin@req@width=\dimen128
)
(/cvmfs/sft.cern.ch/lcg/external/texlive/2014/texmf-dist/tex/latex/pgf/systemla
yer/pgfsys.sty
(/cvmfs/sft.cern.ch/lcg/external/texlive/2014/texmf-dist/tex/latex/pgf/utilitie
s/pgfrcs.sty
(/cvmfs/sft.cern.ch/lcg/external/texlive/2014/texmf-dist/tex/generic/pgf/utilit
ies/pgfutil-common.tex
\pgfutil@everybye=\toks16
\pgfutil@tempdima=\dimen129
\pgfutil@tempdimb=\dimen130

(/cvmfs/sft.cern.ch/lcg/external/texlive/2014/texmf-dist/tex/generic/pgf/utilit
ies/pgfutil-common-lists.tex))
(/cvmfs/sft.cern.ch/lcg/external/texlive/2014/texmf-dist/tex/generic/pgf/utilit
ies/pgfutil-latex.def
\pgfutil@abb=\box34

(/cvmfs/sft.cern.ch/lcg/external/texlive/2014/texmf-dist/tex/latex/ms/everyshi.
sty
Package: everyshi 2001/05/15 v3.00 EveryShipout Package (MS)
))
(/cvmfs/sft.cern.ch/lcg/external/texlive/2014/texmf-dist/tex/generic/pgf/utilit
ies/pgfrcs.code.tex
Package: pgfrcs 2013/12/20 v3.0.0 (rcs-revision 1.28)
))
(/cvmfs/sft.cern.ch/lcg/external/texlive/2014/texmf-dist/tex/generic/pgf/system
layer/pgfsys.code.tex
Package: pgfsys 2013/11/30 v3.0.0 (rcs-revision 1.47)

(/cvmfs/sft.cern.ch/lcg/external/texlive/2014/texmf-dist/tex/generic/pgf/utilit
ies/pgfkeys.code.tex
\pgfkeys@pathtoks=\toks17
\pgfkeys@temptoks=\toks18

(/cvmfs/sft.cern.ch/lcg/external/texlive/2014/texmf-dist/tex/generic/pgf/utilit
ies/pgfkeysfiltered.code.tex
\pgfkeys@tmptoks=\toks19
))
\pgf@x=\dimen131
\pgf@y=\dimen132
\pgf@xa=\dimen133
\pgf@ya=\dimen134
\pgf@xb=\dimen135
\pgf@yb=\dimen136
\pgf@xc=\dimen137
\pgf@yc=\dimen138
\w@pgf@writea=\write3
\r@pgf@reada=\read1
\c@pgf@counta=\count106
\c@pgf@countb=\count107
\c@pgf@countc=\count108
\c@pgf@countd=\count109
\t@pgf@toka=\toks20
\t@pgf@tokb=\toks21
\t@pgf@tokc=\toks22

(/cvmfs/sft.cern.ch/lcg/external/texlive/2014/texmf-dist/tex/generic/pgf/system
layer/pgf.cfg
File: pgf.cfg 2008/05/14  (rcs-revision 1.7)
)
Driver file for pgf: pgfsys-pdftex.def

(/cvmfs/sft.cern.ch/lcg/external/texlive/2014/texmf-dist/tex/generic/pgf/system
layer/pgfsys-pdftex.def
File: pgfsys-pdftex.def 2013/07/18  (rcs-revision 1.33)

(/cvmfs/sft.cern.ch/lcg/external/texlive/2014/texmf-dist/tex/generic/pgf/system
layer/pgfsys-common-pdf.def
File: pgfsys-common-pdf.def 2013/10/10  (rcs-revision 1.13)
)))
(/cvmfs/sft.cern.ch/lcg/external/texlive/2014/texmf-dist/tex/generic/pgf/system
layer/pgfsyssoftpath.code.tex
File: pgfsyssoftpath.code.tex 2013/09/09  (rcs-revision 1.9)
\pgfsyssoftpath@smallbuffer@items=\count110
\pgfsyssoftpath@bigbuffer@items=\count111
)
(/cvmfs/sft.cern.ch/lcg/external/texlive/2014/texmf-dist/tex/generic/pgf/system
layer/pgfsysprotocol.code.tex
File: pgfsysprotocol.code.tex 2006/10/16  (rcs-revision 1.4)
))
(/cvmfs/sft.cern.ch/lcg/external/texlive/2014/texmf-dist/tex/latex/xcolor/xcolo
r.sty
Package: xcolor 2007/01/21 v2.11 LaTeX color extensions (UK)

(/cvmfs/sft.cern.ch/lcg/external/texlive/2014/texmf-dist/tex/latex/latexconfig/
color.cfg
File: color.cfg 2007/01/18 v1.5 color configuration of teTeX/TeXLive
)
Package xcolor Info: Driver file: pdftex.def on input line 225.
Package xcolor Info: Model `cmy' substituted by `cmy0' on input line 1337.
Package xcolor Info: Model `hsb' substituted by `rgb' on input line 1341.
Package xcolor Info: Model `RGB' extended on input line 1353.
Package xcolor Info: Model `HTML' substituted by `rgb' on input line 1355.
Package xcolor Info: Model `Hsb' substituted by `hsb' on input line 1356.
Package xcolor Info: Model `tHsb' substituted by `hsb' on input line 1357.
Package xcolor Info: Model `HSB' substituted by `hsb' on input line 1358.
Package xcolor Info: Model `Gray' substituted by `gray' on input line 1359.
Package xcolor Info: Model `wave' substituted by `hsb' on input line 1360.
)
(/cvmfs/sft.cern.ch/lcg/external/texlive/2014/texmf-dist/tex/generic/pgf/basicl
ayer/pgfcore.code.tex
Package: pgfcore 2010/04/11 v3.0.0 (rcs-revision 1.7)

(/cvmfs/sft.cern.ch/lcg/external/texlive/2014/texmf-dist/tex/generic/pgf/math/p
gfmath.code.tex
(/cvmfs/sft.cern.ch/lcg/external/texlive/2014/texmf-dist/tex/generic/pgf/math/p
gfmathcalc.code.tex
(/cvmfs/sft.cern.ch/lcg/external/texlive/2014/texmf-dist/tex/generic/pgf/math/p
gfmathutil.code.tex)
(/cvmfs/sft.cern.ch/lcg/external/texlive/2014/texmf-dist/tex/generic/pgf/math/p
gfmathparser.code.tex
\pgfmath@dimen=\dimen139
\pgfmath@count=\count112
\pgfmath@box=\box35
\pgfmath@toks=\toks23
\pgfmath@stack@operand=\toks24
\pgfmath@stack@operation=\toks25
)
(/cvmfs/sft.cern.ch/lcg/external/texlive/2014/texmf-dist/tex/generic/pgf/math/p
gfmathfunctions.code.tex
(/cvmfs/sft.cern.ch/lcg/external/texlive/2014/texmf-dist/tex/generic/pgf/math/p
gfmathfunctions.basic.code.tex)
(/cvmfs/sft.cern.ch/lcg/external/texlive/2014/texmf-dist/tex/generic/pgf/math/p
gfmathfunctions.trigonometric.code.tex)
(/cvmfs/sft.cern.ch/lcg/external/texlive/2014/texmf-dist/tex/generic/pgf/math/p
gfmathfunctions.random.code.tex)
(/cvmfs/sft.cern.ch/lcg/external/texlive/2014/texmf-dist/tex/generic/pgf/math/p
gfmathfunctions.comparison.code.tex)
(/cvmfs/sft.cern.ch/lcg/external/texlive/2014/texmf-dist/tex/generic/pgf/math/p
gfmathfunctions.base.code.tex)
(/cvmfs/sft.cern.ch/lcg/external/texlive/2014/texmf-dist/tex/generic/pgf/math/p
gfmathfunctions.round.code.tex)
(/cvmfs/sft.cern.ch/lcg/external/texlive/2014/texmf-dist/tex/generic/pgf/math/p
gfmathfunctions.misc.code.tex)
(/cvmfs/sft.cern.ch/lcg/external/texlive/2014/texmf-dist/tex/generic/pgf/math/p
gfmathfunctions.integerarithmetics.code.tex)))
(/cvmfs/sft.cern.ch/lcg/external/texlive/2014/texmf-dist/tex/generic/pgf/math/p
gfmathfloat.code.tex
\c@pgfmathroundto@lastzeros=\count113
))
(/cvmfs/sft.cern.ch/lcg/external/texlive/2014/texmf-dist/tex/generic/pgf/basicl
ayer/pgfcorepoints.code.tex
File: pgfcorepoints.code.tex 2013/10/07  (rcs-revision 1.27)
\pgf@picminx=\dimen140
\pgf@picmaxx=\dimen141
\pgf@picminy=\dimen142
\pgf@picmaxy=\dimen143
\pgf@pathminx=\dimen144
\pgf@pathmaxx=\dimen145
\pgf@pathminy=\dimen146
\pgf@pathmaxy=\dimen147
\pgf@xx=\dimen148
\pgf@xy=\dimen149
\pgf@yx=\dimen150
\pgf@yy=\dimen151
\pgf@zx=\dimen152
\pgf@zy=\dimen153
)
(/cvmfs/sft.cern.ch/lcg/external/texlive/2014/texmf-dist/tex/generic/pgf/basicl
ayer/pgfcorepathconstruct.code.tex
File: pgfcorepathconstruct.code.tex 2013/10/07  (rcs-revision 1.29)
\pgf@path@lastx=\dimen154
\pgf@path@lasty=\dimen155
)
(/cvmfs/sft.cern.ch/lcg/external/texlive/2014/texmf-dist/tex/generic/pgf/basicl
ayer/pgfcorepathusage.code.tex
File: pgfcorepathusage.code.tex 2013/12/13  (rcs-revision 1.23)
\pgf@shorten@end@additional=\dimen156
\pgf@shorten@start@additional=\dimen157
)
(/cvmfs/sft.cern.ch/lcg/external/texlive/2014/texmf-dist/tex/generic/pgf/basicl
ayer/pgfcorescopes.code.tex
File: pgfcorescopes.code.tex 2013/10/09  (rcs-revision 1.44)
\pgfpic=\box36
\pgf@hbox=\box37
\pgf@layerbox@main=\box38
\pgf@picture@serial@count=\count114
)
(/cvmfs/sft.cern.ch/lcg/external/texlive/2014/texmf-dist/tex/generic/pgf/basicl
ayer/pgfcoregraphicstate.code.tex
File: pgfcoregraphicstate.code.tex 2013/09/19  (rcs-revision 1.11)
\pgflinewidth=\dimen158
)
(/cvmfs/sft.cern.ch/lcg/external/texlive/2014/texmf-dist/tex/generic/pgf/basicl
ayer/pgfcoretransformations.code.tex
File: pgfcoretransformations.code.tex 2013/10/10  (rcs-revision 1.17)
\pgf@pt@x=\dimen159
\pgf@pt@y=\dimen160
\pgf@pt@temp=\dimen161
)
(/cvmfs/sft.cern.ch/lcg/external/texlive/2014/texmf-dist/tex/generic/pgf/basicl
ayer/pgfcorequick.code.tex
File: pgfcorequick.code.tex 2008/10/09  (rcs-revision 1.3)
)
(/cvmfs/sft.cern.ch/lcg/external/texlive/2014/texmf-dist/tex/generic/pgf/basicl
ayer/pgfcoreobjects.code.tex
File: pgfcoreobjects.code.tex 2006/10/11  (rcs-revision 1.2)
)
(/cvmfs/sft.cern.ch/lcg/external/texlive/2014/texmf-dist/tex/generic/pgf/basicl
ayer/pgfcorepathprocessing.code.tex
File: pgfcorepathprocessing.code.tex 2013/09/09  (rcs-revision 1.9)
)
(/cvmfs/sft.cern.ch/lcg/external/texlive/2014/texmf-dist/tex/generic/pgf/basicl
ayer/pgfcorearrows.code.tex
File: pgfcorearrows.code.tex 2013/11/07  (rcs-revision 1.40)
\pgfarrowsep=\dimen162
)
(/cvmfs/sft.cern.ch/lcg/external/texlive/2014/texmf-dist/tex/generic/pgf/basicl
ayer/pgfcoreshade.code.tex
File: pgfcoreshade.code.tex 2013/07/15  (rcs-revision 1.15)
\pgf@max=\dimen163
\pgf@sys@shading@range@num=\count115
)
(/cvmfs/sft.cern.ch/lcg/external/texlive/2014/texmf-dist/tex/generic/pgf/basicl
ayer/pgfcoreimage.code.tex
File: pgfcoreimage.code.tex 2013/07/15  (rcs-revision 1.18)

(/cvmfs/sft.cern.ch/lcg/external/texlive/2014/texmf-dist/tex/generic/pgf/basicl
ayer/pgfcoreexternal.code.tex
File: pgfcoreexternal.code.tex 2013/07/15  (rcs-revision 1.20)
\pgfexternal@startupbox=\box39
))
(/cvmfs/sft.cern.ch/lcg/external/texlive/2014/texmf-dist/tex/generic/pgf/basicl
ayer/pgfcorelayers.code.tex
File: pgfcorelayers.code.tex 2013/07/18  (rcs-revision 1.7)
)
(/cvmfs/sft.cern.ch/lcg/external/texlive/2014/texmf-dist/tex/generic/pgf/basicl
ayer/pgfcoretransparency.code.tex
File: pgfcoretransparency.code.tex 2013/09/30  (rcs-revision 1.5)
)
(/cvmfs/sft.cern.ch/lcg/external/texlive/2014/texmf-dist/tex/generic/pgf/basicl
ayer/pgfcorepatterns.code.tex
File: pgfcorepatterns.code.tex 2013/11/07  (rcs-revision 1.5)
)))
(/cvmfs/sft.cern.ch/lcg/external/texlive/2014/texmf-dist/tex/latex/pgf/utilitie
s/xxcolor.sty
Package: xxcolor 2003/10/24 ver 0.1
\XC@nummixins=\count116
\XC@countmixins=\count117
)
(/cvmfs/sft.cern.ch/lcg/external/texlive/2014/texmf-dist/tex/generic/oberdiek/a
tbegshi.sty
Package: atbegshi 2011/10/05 v1.16 At begin shipout hook (HO)
)
(/cvmfs/sft.cern.ch/lcg/external/texlive/2014/texmf-dist/tex/latex/hyperref/hyp
erref.sty
Package: hyperref 2012/11/06 v6.83m Hypertext links for LaTeX

(/cvmfs/sft.cern.ch/lcg/external/texlive/2014/texmf-dist/tex/generic/oberdiek/h
obsub-hyperref.sty
Package: hobsub-hyperref 2012/05/28 v1.13 Bundle oberdiek, subset hyperref (HO)


(/cvmfs/sft.cern.ch/lcg/external/texlive/2014/texmf-dist/tex/generic/oberdiek/h
obsub-generic.sty
Package: hobsub-generic 2012/05/28 v1.13 Bundle oberdiek, subset generic (HO)
Package: hobsub 2012/05/28 v1.13 Construct package bundles (HO)
Package hobsub Info: Skipping package `infwarerr' (already loaded).
Package hobsub Info: Skipping package `ltxcmds' (already loaded).
Package: ifluatex 2010/03/01 v1.3 Provides the ifluatex switch (HO)
Package ifluatex Info: LuaTeX not detected.
Package hobsub Info: Skipping package `ifvtex' (already loaded).
Package: intcalc 2007/09/27 v1.1 Expandable calculations with integers (HO)
Package hobsub Info: Skipping package `ifpdf' (already loaded).
Package: etexcmds 2011/02/16 v1.5 Avoid name clashes with e-TeX commands (HO)
Package etexcmds Info: Could not find \expanded.
(etexcmds)             That can mean that you are not using pdfTeX 1.50 or
(etexcmds)             that some package has redefined \expanded.
(etexcmds)             In the latter case, load this package earlier.
Package: kvsetkeys 2012/04/25 v1.16 Key value parser (HO)
Package: kvdefinekeys 2011/04/07 v1.3 Define keys (HO)
Package: pdftexcmds 2011/11/29 v0.20 Utility functions of pdfTeX for LuaTeX (HO
)
Package pdftexcmds Info: LuaTeX not detected.
Package pdftexcmds Info: \pdf@primitive is available.
Package pdftexcmds Info: \pdf@ifprimitive is available.
Package pdftexcmds Info: \pdfdraftmode found.
Package: pdfescape 2011/11/25 v1.13 Implements pdfTeX's escape features (HO)
Package: bigintcalc 2012/04/08 v1.3 Expandable calculations on big integers (HO
)
Package: bitset 2011/01/30 v1.1 Handle bit-vector datatype (HO)
Package: uniquecounter 2011/01/30 v1.2 Provide unlimited unique counter (HO)
)
Package hobsub Info: Skipping package `hobsub' (already loaded).
Package: letltxmacro 2010/09/02 v1.4 Let assignment for LaTeX macros (HO)
Package: hopatch 2012/05/28 v1.2 Wrapper for package hooks (HO)
Package: xcolor-patch 2011/01/30 xcolor patch
Package: atveryend 2011/06/30 v1.8 Hooks at the very end of document (HO)
Package atveryend Info: \enddocument detected (standard20110627).
Package hobsub Info: Skipping package `atbegshi' (already loaded).
Package: refcount 2011/10/16 v3.4 Data extraction from label references (HO)
Package: hycolor 2011/01/30 v1.7 Color options for hyperref/bookmark (HO)
)
(/cvmfs/sft.cern.ch/lcg/external/texlive/2014/texmf-dist/tex/latex/oberdiek/aux
hook.sty
Package: auxhook 2011/03/04 v1.3 Hooks for auxiliary files (HO)
)
(/cvmfs/sft.cern.ch/lcg/external/texlive/2014/texmf-dist/tex/latex/oberdiek/kvo
ptions.sty
Package: kvoptions 2011/06/30 v3.11 Key value format for package options (HO)
)
\@linkdim=\dimen164
\Hy@linkcounter=\count118
\Hy@pagecounter=\count119

(/cvmfs/sft.cern.ch/lcg/external/texlive/2014/texmf-dist/tex/latex/hyperref/pd1
enc.def
File: pd1enc.def 2012/11/06 v6.83m Hyperref: PDFDocEncoding definition (HO)
)
\Hy@SavedSpaceFactor=\count120

(/cvmfs/sft.cern.ch/lcg/external/texlive/2014/texmf-dist/tex/latex/latexconfig/
hyperref.cfg
File: hyperref.cfg 2002/06/06 v1.2 hyperref configuration of TeXLive
)
Package hyperref Info: Option `bookmarks' set `true' on input line 4319.
Package hyperref Info: Option `bookmarksopen' set `true' on input line 4319.
Package hyperref Info: Option `implicit' set `false' on input line 4319.
Package hyperref Info: Hyper figures OFF on input line 4443.
Package hyperref Info: Link nesting OFF on input line 4448.
Package hyperref Info: Hyper index ON on input line 4451.
Package hyperref Info: Plain pages OFF on input line 4458.
Package hyperref Info: Backreferencing OFF on input line 4463.
Package hyperref Info: Implicit mode OFF; no redefinition of LaTeX internals.
Package hyperref Info: Bookmarks ON on input line 4688.
\c@Hy@tempcnt=\count121

(/cvmfs/sft.cern.ch/lcg/external/texlive/2014/texmf-dist/tex/latex/url/url.sty
\Urlmuskip=\muskip10
Package: url 2013/09/16  ver 3.4  Verb mode for urls, etc.
)
LaTeX Info: Redefining \url on input line 5041.
\XeTeXLinkMargin=\dimen165
\Fld@menulength=\count122
\Field@Width=\dimen166
\Fld@charsize=\dimen167
Package hyperref Info: Hyper figures OFF on input line 6295.
Package hyperref Info: Link nesting OFF on input line 6300.
Package hyperref Info: Hyper index ON on input line 6303.
Package hyperref Info: backreferencing OFF on input line 6310.
Package hyperref Info: Link coloring OFF on input line 6315.
Package hyperref Info: Link coloring with OCG OFF on input line 6320.
Package hyperref Info: PDF/A mode OFF on input line 6325.
LaTeX Info: Redefining \ref on input line 6365.
LaTeX Info: Redefining \pageref on input line 6369.
\Hy@abspage=\count123

Package hyperref Message: Stopped early.

)

Package hyperref Message: Driver (autodetected): hpdftex.


(/cvmfs/sft.cern.ch/lcg/external/texlive/2014/texmf-dist/tex/latex/hyperref/hpd
ftex.def
File: hpdftex.def 2012/11/06 v6.83m Hyperref driver for pdfTeX
\Fld@listcount=\count124
\c@bookmark@seq@number=\count125

(/cvmfs/sft.cern.ch/lcg/external/texlive/2014/texmf-dist/tex/latex/oberdiek/rer
unfilecheck.sty
Package: rerunfilecheck 2011/04/15 v1.7 Rerun checks for auxiliary files (HO)
Package uniquecounter Info: New unique counter `rerunfilecheck' on input line 2
82.
))
(/cvmfs/sft.cern.ch/lcg/external/texlive/2014/texmf-dist/tex/latex/beamer/beame
rbaserequires.sty
Package: beamerbaserequires 2010/05/01  (rcs-revision efa082c6111d)

(/cvmfs/sft.cern.ch/lcg/external/texlive/2014/texmf-dist/tex/latex/beamer/beame
rbasecompatibility.sty
Package: beamerbasecompatibility 2012/05/01  (rcs-revision 67c48b3b652d)
)
(/cvmfs/sft.cern.ch/lcg/external/texlive/2014/texmf-dist/tex/latex/beamer/beame
rbasefont.sty
Package: beamerbasefont 2015/01/05  (rcs-revision b4b4bee242e2)

(/cvmfs/sft.cern.ch/lcg/external/texlive/2014/texmf-dist/tex/latex/amsfonts/ams
symb.sty
Package: amssymb 2013/01/14 v3.01 AMS font symbols

(/cvmfs/sft.cern.ch/lcg/external/texlive/2014/texmf-dist/tex/latex/amsfonts/ams
fonts.sty
Package: amsfonts 2013/01/14 v3.01 Basic AMSFonts support
\@emptytoks=\toks26
\symAMSa=\mathgroup4
\symAMSb=\mathgroup5
LaTeX Font Info:    Overwriting math alphabet `\mathfrak' in version `bold'
(Font)                  U/euf/m/n --> U/euf/b/n on input line 106.
))
(/cvmfs/sft.cern.ch/lcg/external/texlive/2014/texmf-dist/tex/latex/sansmathacce
nt/sansmathaccent.sty
Package: sansmathaccent 2013/03/28

(/cvmfs/sft.cern.ch/lcg/external/texlive/2014/texmf-dist/tex/latex/filehook/fil
ehook.sty
Package: filehook 2011/10/12 v0.5d Hooks for input files
)))
(/cvmfs/sft.cern.ch/lcg/external/texlive/2014/texmf-dist/tex/latex/beamer/beame
rbasetranslator.sty
Package: beamerbasetranslator 2010/06/11  (rcs-revision 85fd1cc7fc42)

(/cvmfs/sft.cern.ch/lcg/external/texlive/2014/texmf-dist/tex/latex/beamer/trans
lator/translator.sty
Package: translator 2010/06/12 ver 1.10

(/cvmfs/sft.cern.ch/lcg/external/texlive/2014/texmf-dist/tex/latex/beamer/trans
lator/translator-language-mappings.tex)))
(/cvmfs/sft.cern.ch/lcg/external/texlive/2014/texmf-dist/tex/latex/beamer/beame
rbasemisc.sty
Package: beamerbasemisc 2013/09/03  (rcs-revision a55719c41d85)
)
(/cvmfs/sft.cern.ch/lcg/external/texlive/2014/texmf-dist/tex/latex/beamer/beame
rbasetwoscreens.sty
Package: beamerbasetwoscreens 2010/05/01  (rcs-revision efa082c6111d)
)
(/cvmfs/sft.cern.ch/lcg/external/texlive/2014/texmf-dist/tex/latex/beamer/beame
rbaseoverlay.sty
Package: beamerbaseoverlay 2013/12/25  (rcs-revision f6bd5e3805da)
\beamer@argscount=\count126
\beamer@lastskipcover=\skip44
\beamer@trivlistdepth=\count127
)
(/cvmfs/sft.cern.ch/lcg/external/texlive/2014/texmf-dist/tex/latex/beamer/beame
rbasetitle.sty
Package: beamerbasetitle 2010/09/21  (rcs-revision f0446ed0b6ae)
)
(/cvmfs/sft.cern.ch/lcg/external/texlive/2014/texmf-dist/tex/latex/beamer/beame
rbasesection.sty
Package: beamerbasesection 2013/06/07  (rcs-revision 60b9fe0f342f)
\c@lecture=\count128
\c@part=\count129
\c@section=\count130
\c@subsection=\count131
\c@subsubsection=\count132
)
(/cvmfs/sft.cern.ch/lcg/external/texlive/2014/texmf-dist/tex/latex/beamer/beame
rbaseframe.sty
Package: beamerbaseframe 2014/02/20  (rcs-revision 4b8ceeeff434)
\beamer@framebox=\box40
\beamer@frametitlebox=\box41
\beamer@zoombox=\box42
\beamer@zoomcount=\count133
\beamer@zoomframecount=\count134
\beamer@frametextheight=\dimen168
\c@subsectionslide=\count135
\beamer@frametopskip=\skip45
\beamer@framebottomskip=\skip46
\beamer@frametopskipautobreak=\skip47
\beamer@framebottomskipautobreak=\skip48
\beamer@envbody=\toks27
\framewidth=\dimen169
\c@framenumber=\count136
)
(/cvmfs/sft.cern.ch/lcg/external/texlive/2014/texmf-dist/tex/latex/beamer/beame
rbaseverbatim.sty
Package: beamerbaseverbatim 2015/01/05  (rcs-revision 431510bb5890)
\beamer@verbatimfileout=\write4
)
(/cvmfs/sft.cern.ch/lcg/external/texlive/2014/texmf-dist/tex/latex/beamer/beame
rbaseframesize.sty
Package: beamerbaseframesize 2011/09/12  (rcs-revision 70f9d8411e54)
\beamer@splitbox=\box43
\beamer@autobreakcount=\count137
\beamer@autobreaklastheight=\dimen170
\beamer@frametitletoks=\toks28
\beamer@framesubtitletoks=\toks29
)
(/cvmfs/sft.cern.ch/lcg/external/texlive/2014/texmf-dist/tex/latex/beamer/beame
rbaseframecomponents.sty
Package: beamerbaseframecomponents 2013/10/18  (rcs-revision 5cf6c5555a45)
\beamer@footins=\box44
)
(/cvmfs/sft.cern.ch/lcg/external/texlive/2014/texmf-dist/tex/latex/beamer/beame
rbasecolor.sty
Package: beamerbasecolor 2015/02/21  (rcs-revision d944b04ee2d5)
)
(/cvmfs/sft.cern.ch/lcg/external/texlive/2014/texmf-dist/tex/latex/beamer/beame
rbasenotes.sty
Package: beamerbasenotes 2012/12/19  (rcs-revision 1686da3db3c9)
\beamer@frameboxcopy=\box45
)
(/cvmfs/sft.cern.ch/lcg/external/texlive/2014/texmf-dist/tex/latex/beamer/beame
rbasetoc.sty
Package: beamerbasetoc 2013/05/23  (rcs-revision 0fdf5bc43be8)
)
(/cvmfs/sft.cern.ch/lcg/external/texlive/2014/texmf-dist/tex/latex/beamer/beame
rbasetemplates.sty
Package: beamerbasetemplates 2010/05/01  (rcs-revision efa082c6111d)
\beamer@sbttoks=\toks30

(/cvmfs/sft.cern.ch/lcg/external/texlive/2014/texmf-dist/tex/latex/beamer/beame
rbaseauxtemplates.sty
Package: beamerbaseauxtemplates 2014/06/30  (rcs-revision 580088513a67)

(/cvmfs/sft.cern.ch/lcg/external/texlive/2014/texmf-dist/tex/latex/beamer/beame
rbaseboxes.sty
Package: beamerbaseboxes 2012/05/13  (rcs-revision 56972908a390)
\bmb@box=\box46
\bmb@colorbox=\box47
\bmb@boxshadow=\box48
\bmb@boxshadowball=\box49
\bmb@boxshadowballlarge=\box50
\bmb@temp=\dimen171
\bmb@dima=\dimen172
\bmb@dimb=\dimen173
\bmb@prevheight=\dimen174
)
\beamer@blockheadheight=\dimen175
))
(/cvmfs/sft.cern.ch/lcg/external/texlive/2014/texmf-dist/tex/latex/beamer/beame
rbaselocalstructure.sty
Package: beamerbaselocalstructure 2014/09/10  (rcs-revision 393f6dcff371)

(/cvmfs/sft.cern.ch/lcg/external/texlive/2014/texmf-dist/tex/latex/tools/enumer
ate.sty
Package: enumerate 2014/10/28 v3.00 enumerate extensions (DPC)
\@enLab=\toks31
)
\c@figure=\count138
\c@table=\count139
\abovecaptionskip=\skip49
\belowcaptionskip=\skip50
)
(/cvmfs/sft.cern.ch/lcg/external/texlive/2014/texmf-dist/tex/latex/beamer/beame
rbasenavigation.sty
Package: beamerbasenavigation 2015/01/05  (rcs-revision 6f78090e545d)
\beamer@section@min@dim=\dimen176
)
(/cvmfs/sft.cern.ch/lcg/external/texlive/2014/texmf-dist/tex/latex/beamer/beame
rbasetheorems.sty
Package: beamerbasetheorems 2010/06/06  (rcs-revision 7e7cc5e53e9d)

(/cvmfs/sft.cern.ch/lcg/external/texlive/2014/texmf-dist/tex/latex/amsmath/amsm
ath.sty
Package: amsmath 2013/01/14 v2.14 AMS math features
\@mathmargin=\skip51

For additional information on amsmath, use the `?' option.

(/cvmfs/sft.cern.ch/lcg/external/texlive/2014/texmf-dist/tex/latex/amsmath/amst
ext.sty
Package: amstext 2000/06/29 v2.01

(/cvmfs/sft.cern.ch/lcg/external/texlive/2014/texmf-dist/tex/latex/amsmath/amsg
en.sty
File: amsgen.sty 1999/11/30 v2.0
\@emptytoks=\toks32
\ex@=\dimen177
))
(/cvmfs/sft.cern.ch/lcg/external/texlive/2014/texmf-dist/tex/latex/amsmath/amsb
sy.sty
Package: amsbsy 1999/11/29 v1.2d
\pmbraise@=\dimen178
)
(/cvmfs/sft.cern.ch/lcg/external/texlive/2014/texmf-dist/tex/latex/amsmath/amso
pn.sty
Package: amsopn 1999/12/14 v2.01 operator names
)
\inf@bad=\count140
LaTeX Info: Redefining \frac on input line 210.
\uproot@=\count141
\leftroot@=\count142
LaTeX Info: Redefining \overline on input line 306.
\classnum@=\count143
\DOTSCASE@=\count144
LaTeX Info: Redefining \ldots on input line 378.
LaTeX Info: Redefining \dots on input line 381.
LaTeX Info: Redefining \cdots on input line 466.
\Mathstrutbox@=\box51
\strutbox@=\box52
\big@size=\dimen179
LaTeX Font Info:    Redeclaring font encoding OML on input line 566.
LaTeX Font Info:    Redeclaring font encoding OMS on input line 567.
\macc@depth=\count145
\c@MaxMatrixCols=\count146
\dotsspace@=\muskip11
\c@parentequation=\count147
\dspbrk@lvl=\count148
\tag@help=\toks33
\row@=\count149
\column@=\count150
\maxfields@=\count151
\andhelp@=\toks34
\eqnshift@=\dimen180
\alignsep@=\dimen181
\tagshift@=\dimen182
\tagwidth@=\dimen183
\totwidth@=\dimen184
\lineht@=\dimen185
\@envbody=\toks35
\multlinegap=\skip52
\multlinetaggap=\skip53
\mathdisplay@stack=\toks36
LaTeX Info: Redefining \[ on input line 2665.
LaTeX Info: Redefining \] on input line 2666.
)
(/cvmfs/sft.cern.ch/lcg/external/texlive/2014/texmf-dist/tex/latex/amscls/amsth
m.sty
Package: amsthm 2009/07/02 v2.20.1
\thm@style=\toks37
\thm@bodyfont=\toks38
\thm@headfont=\toks39
\thm@notefont=\toks40
\thm@headpunct=\toks41
\thm@preskip=\skip54
\thm@postskip=\skip55
\thm@headsep=\skip56
\dth@everypar=\toks42
)
\c@theorem=\count152
)
(/cvmfs/sft.cern.ch/lcg/external/texlive/2014/texmf-dist/tex/latex/beamer/beame
rbasethemes.sty
Package: beamerbasethemes 2010/05/01  (rcs-revision efa082c6111d)
))
(/cvmfs/sft.cern.ch/lcg/external/texlive/2014/texmf-dist/tex/latex/beamer/theme
s/theme/beamerthemedefault.sty
Package: beamerthemedefault 2010/06/17  (rcs-revision d02a7cf4d8ae)

(/cvmfs/sft.cern.ch/lcg/external/texlive/2014/texmf-dist/tex/latex/beamer/theme
s/font/beamerfontthemedefault.sty
Package: beamerfontthemedefault 2012/12/19  (rcs-revision 1686da3db3c9)
)
(/cvmfs/sft.cern.ch/lcg/external/texlive/2014/texmf-dist/tex/latex/beamer/theme
s/color/beamercolorthemedefault.sty
Package: beamercolorthemedefault 2012/12/19  (rcs-revision 1686da3db3c9)
)
(/cvmfs/sft.cern.ch/lcg/external/texlive/2014/texmf-dist/tex/latex/beamer/theme
s/inner/beamerinnerthemedefault.sty
Package: beamerinnerthemedefault 2014/06/30  (rcs-revision 580088513a67)
\beamer@dima=\dimen186
\beamer@dimb=\dimen187
)
(/cvmfs/sft.cern.ch/lcg/external/texlive/2014/texmf-dist/tex/latex/beamer/theme
s/outer/beamerouterthemedefault.sty
Package: beamerouterthemedefault 2012/12/19  (rcs-revision 1686da3db3c9)
)))
(/cvmfs/sft.cern.ch/lcg/external/texlive/2014/texmf-dist/tex/latex/tools/verbat
im.sty
Package: verbatim 2014/10/28 v1.5q LaTeX2e package for verbatim enhancements
\every@verbatim=\toks43
\verbatim@line=\toks44
\verbatim@in@stream=\read2
)
(/cvmfs/sft.cern.ch/lcg/external/texlive/2014/texmf-dist/tex/latex/graphics/eps
fig.sty
Package: epsfig 1999/02/16 v1.7a (e)psfig emulation (SPQR)
\epsfxsize=\dimen188
\epsfysize=\dimen189
)
(/cvmfs/sft.cern.ch/lcg/external/texlive/2014/texmf-dist/tex/latex/subfigure/su
bfigure.sty
Package: subfigure 2002/03/15 v2.1.5 subfigure package
\subfigtopskip=\skip57
\subfigcapskip=\skip58
\subfigcaptopadj=\dimen190
\subfigbottomskip=\skip59
\subfigcapmargin=\dimen191
\subfiglabelskip=\skip60
\c@subfigure=\count153
\c@lofdepth=\count154
\c@subtable=\count155
\c@lotdepth=\count156

****************************************
* Local config file subfigure.cfg used *
****************************************

(/cvmfs/sft.cern.ch/lcg/external/texlive/2014/texmf-dist/tex/latex/subfigure/su
bfigure.cfg)
\subfig@top=\skip61
\subfig@bottom=\skip62
)
(/cvmfs/sft.cern.ch/lcg/external/texlive/2014/texmf-dist/tex/latex/multirow/mul
tirow.sty
\bigstrutjot=\dimen192
)
(/cvmfs/sft.cern.ch/lcg/external/texlive/2014/texmf-dist/tex/latex/float/float.
sty
Package: float 2001/11/08 v1.3d Float enhancements (AL)
\c@float@type=\count157
\float@exts=\toks45
\float@box=\box53
\@float@everytoks=\toks46
\@floatcapt=\box54
)
(/cvmfs/sft.cern.ch/lcg/external/texlive/2014/texmf-dist/tex/latex/rotating/rot
ating.sty
Package: rotating 2009/03/28 v2.16a rotated objects in LaTeX

(/cvmfs/sft.cern.ch/lcg/external/texlive/2014/texmf-dist/tex/latex/base/ifthen.
sty
Package: ifthen 2014/09/29 v1.1c Standard LaTeX ifthen package (DPC)
)
\c@r@tfl@t=\count158
\rotFPtop=\skip63
\rotFPbot=\skip64
\rot@float@box=\box55
\rot@mess@toks=\toks47
)
(/cvmfs/sft.cern.ch/lcg/external/texlive/2014/texmf-dist/tex/latex/beamer/theme
s/theme/beamerthemeBoadilla.sty
Package: beamerthemeBoadilla 2010/06/17  (rcs-revision d02a7cf4d8ae)

(/cvmfs/sft.cern.ch/lcg/external/texlive/2014/texmf-dist/tex/latex/beamer/theme
s/color/beamercolorthemerose.sty
Package: beamercolorthemerose 2010/06/17  (rcs-revision d02a7cf4d8ae)
)
(/cvmfs/sft.cern.ch/lcg/external/texlive/2014/texmf-dist/tex/latex/beamer/theme
s/inner/beamerinnerthemerounded.sty
Package: beamerinnerthemerounded 2010/06/17  (rcs-revision d02a7cf4d8ae)
)
(/cvmfs/sft.cern.ch/lcg/external/texlive/2014/texmf-dist/tex/latex/beamer/theme
s/color/beamercolorthemedolphin.sty
Package: beamercolorthemedolphin 2010/06/17  (rcs-revision d02a7cf4d8ae)
)
(/cvmfs/sft.cern.ch/lcg/external/texlive/2014/texmf-dist/tex/latex/beamer/theme
s/outer/beamerouterthemeinfolines.sty
Package: beamerouterthemeinfolines 2012/10/16  (rcs-revision 51a8c72084af)
))
(/cvmfs/sft.cern.ch/lcg/external/texlive/2014/texmf-dist/tex/latex/overpic/over
pic.sty
Package: overpic 2010/09/13 v0.53  Overwriting graphics

Package: overpic v0.53 <2010/09/13> (RN)

(/cvmfs/sft.cern.ch/lcg/external/texlive/2014/texmf-dist/tex/latex/eepic/epic.s
ty
Enhancements to Picture Environment. Version 1.2 - Released June 1, 1986
\@@multicnt=\count159
\d@lta=\count160
\@delta=\dimen193
\@@delta=\dimen194
\@gridcnt=\count161
\@joinkind=\count162
\@dotgap=\dimen195
\@ddotgap=\dimen196
\@x@diff=\count163
\@y@diff=\count164
\x@diff=\dimen197
\y@diff=\dimen198
\@dotbox=\box56
\num@segments=\count165
\num@segmentsi=\count166
\@datafile=\read3
)
overpic: relative positioning in percent
)
(/cvmfs/sft.cern.ch/lcg/external/texlive/2014/texmf-dist/tex/latex/beamer/theme
s/font/beamerfontthemestructureitalicserif.sty
Package: beamerfontthemestructureitalicserif 2010/06/17  (rcs-revision d02a7cf4
d8ae)
)
(/cvmfs/sft.cern.ch/lcg/external/texlive/2014/texmf-dist/tex/latex/oberdiek/eps
topdf.sty
Package: epstopdf 2010/02/09 v2.5 Conversion with epstopdf on the fly (HO)

(/cvmfs/sft.cern.ch/lcg/external/texlive/2014/texmf-dist/tex/latex/oberdiek/eps
topdf-base.sty
Package: epstopdf-base 2010/02/09 v2.5 Base part for package epstopdf

(/cvmfs/sft.cern.ch/lcg/external/texlive/2014/texmf-dist/tex/latex/oberdiek/grf
ext.sty
Package: grfext 2010/08/19 v1.1 Manage graphics extensions (HO)
)
Package grfext Info: Graphics extension search list:
(grfext)             [.png,.pdf,.jpg,.mps,.jpeg,.jbig2,.jb2,.PNG,.PDF,.JPG,.JPE
G,.JBIG2,.JB2,.eps]
(grfext)             \AppendGraphicsExtensions on input line 452.

(/cvmfs/sft.cern.ch/lcg/external/texlive/2014/texmf-dist/tex/latex/latexconfig/
epstopdf-sys.cfg
File: epstopdf-sys.cfg 2010/07/13 v1.3 Configuration of (r)epstopdf for TeX Liv
e
)))
(/cvmfs/sft.cern.ch/lcg/external/texlive/2014/texmf-dist/tex/latex/adjustbox/ad
justbox.sty
Package: adjustbox 2012/05/21 v1.0 Adjusting TeX boxes (trim, clip, ...)

(/cvmfs/sft.cern.ch/lcg/external/texlive/2014/texmf-dist/tex/latex/xkeyval/xkey
val.sty
Package: xkeyval 2014/12/03 v2.7a package option processing (HA)

(/cvmfs/sft.cern.ch/lcg/external/texlive/2014/texmf-dist/tex/generic/xkeyval/xk
eyval.tex
(/cvmfs/sft.cern.ch/lcg/external/texlive/2014/texmf-dist/tex/generic/xkeyval/xk
vutils.tex
\XKV@toks=\toks48
\XKV@tempa@toks=\toks49
)
\XKV@depth=\count167
File: xkeyval.tex 2014/12/03 v2.7a key=value parser (HA)
))
(/cvmfs/sft.cern.ch/lcg/external/texlive/2014/texmf-dist/tex/latex/adjustbox/ad
jcalc.sty
Package: adjcalc 2012/05/16 v1.1 Provides advanced setlength with multiple back
-ends (calc, etex, pgfmath)
)
(/cvmfs/sft.cern.ch/lcg/external/texlive/2014/texmf-dist/tex/latex/adjustbox/tr
imclip.sty
Package: trimclip 2012/05/16 v1.0 Trim and clip general TeX material

(/cvmfs/sft.cern.ch/lcg/external/texlive/2014/texmf-dist/tex/latex/collectbox/c
ollectbox.sty
Package: collectbox 2012/05/17 v0.4b Collect macro arguments as boxes
\collectedbox=\box57
)
\tc@llx=\dimen199
\tc@lly=\dimen200
\tc@urx=\dimen201
\tc@ury=\dimen202
Package trimclip Info: Using driver 'tc-pdftex.def'.

(/cvmfs/sft.cern.ch/lcg/external/texlive/2014/texmf-dist/tex/latex/adjustbox/tc
-pdftex.def
File: tc-pdftex.def 2012/05/13 v1.0 Clipping driver for pdftex
))
\adjbox@Width=\dimen203
\adjbox@Height=\dimen204
\adjbox@Depth=\dimen205
\adjbox@Totalheight=\dimen206

(/cvmfs/sft.cern.ch/lcg/external/texlive/2014/texmf-dist/tex/latex/ifoddpage/if
oddpage.sty
Package: ifoddpage 2011/09/13 v1.0 Conditionals for odd/even page detection
\c@checkoddpage=\count168
)
(/cvmfs/sft.cern.ch/lcg/external/texlive/2014/texmf-dist/tex/latex/varwidth/var
width.sty
Package: varwidth 2009/03/30 ver 0.92;  Variable-width minipages
\@vwid@box=\box58
\sift@deathcycles=\count169
\@vwid@loff=\dimen207
\@vwid@roff=\dimen208
)) (./main.aux)
\openout1 = `main.aux'.

LaTeX Font Info:    Checking defaults for OML/cmm/m/it on input line 27.
LaTeX Font Info:    ... okay on input line 27.
LaTeX Font Info:    Checking defaults for T1/cmr/m/n on input line 27.
LaTeX Font Info:    ... okay on input line 27.
LaTeX Font Info:    Checking defaults for OT1/cmr/m/n on input line 27.
LaTeX Font Info:    ... okay on input line 27.
LaTeX Font Info:    Checking defaults for OMS/cmsy/m/n on input line 27.
LaTeX Font Info:    ... okay on input line 27.
LaTeX Font Info:    Checking defaults for OMX/cmex/m/n on input line 27.
LaTeX Font Info:    ... okay on input line 27.
LaTeX Font Info:    Checking defaults for U/cmr/m/n on input line 27.
LaTeX Font Info:    ... okay on input line 27.
LaTeX Font Info:    Checking defaults for PD1/pdf/m/n on input line 27.
LaTeX Font Info:    ... okay on input line 27.

*geometry* driver: auto-detecting
*geometry* detected driver: pdftex
*geometry* verbose mode - [ preamble ] result:
* driver: pdftex
* paper: custom
* layout: <same size as paper>
* layoutoffset:(h,v)=(0.0pt,0.0pt)
* modes: includehead includefoot 
* h-part:(L,W,R)=(10.95003pt, 342.2953pt, 10.95003pt)
* v-part:(T,H,B)=(0.0pt, 273.14662pt, 0.0pt)
* \paperwidth=364.19536pt
* \paperheight=273.14662pt
* \textwidth=342.2953pt
* \textheight=244.6939pt
* \oddsidemargin=-61.31996pt
* \evensidemargin=-61.31996pt
* \topmargin=-72.26999pt
* \headheight=14.22636pt
* \headsep=0.0pt
* \topskip=11.0pt
* \footskip=14.22636pt
* \marginparwidth=4.0pt
* \marginparsep=10.0pt
* \columnsep=10.0pt
* \skip\footins=10.0pt plus 4.0pt minus 2.0pt
* \hoffset=0.0pt
* \voffset=0.0pt
* \mag=1000
* \@twocolumnfalse
* \@twosidefalse
* \@mparswitchfalse
* \@reversemarginfalse
* (1in=72.27pt=25.4mm, 1cm=28.453pt)


(/cvmfs/sft.cern.ch/lcg/external/texlive/2014/texmf-dist/tex/context/base/supp-
pdf.mkii
[Loading MPS to PDF converter (version 2006.09.02).]
\scratchcounter=\count170
\scratchdimen=\dimen209
\scratchbox=\box59
\nofMPsegments=\count171
\nofMParguments=\count172
\everyMPshowfont=\toks50
\MPscratchCnt=\count173
\MPscratchDim=\dimen210
\MPnumerator=\count174
\makeMPintoPDFobject=\count175
\everyMPtoPDFconversion=\toks51
) ABD: EveryShipout initializing macros
\AtBeginShipoutBox=\box60
Package hyperref Info: Link coloring OFF on input line 27.

(/cvmfs/sft.cern.ch/lcg/external/texlive/2014/texmf-dist/tex/latex/hyperref/nam
eref.sty
Package: nameref 2012/10/27 v2.43 Cross-referencing by name of section

(/cvmfs/sft.cern.ch/lcg/external/texlive/2014/texmf-dist/tex/generic/oberdiek/g
ettitlestring.sty
Package: gettitlestring 2010/12/03 v1.4 Cleanup title references (HO)
)
\c@section@level=\count176
)
LaTeX Info: Redefining \ref on input line 27.
LaTeX Info: Redefining \pageref on input line 27.
LaTeX Info: Redefining \nameref on input line 27.
 (./main.out) (./main.out)
\@outlinefile=\write5
\openout5 = `main.out'.

LaTeX Font Info:    Overwriting symbol font `operators' in version `normal'
(Font)                  OT1/cmr/m/n --> OT1/cmss/m/n on input line 27.
LaTeX Font Info:    Overwriting symbol font `operators' in version `bold'
(Font)                  OT1/cmr/bx/n --> OT1/cmss/bx/n on input line 27.
\symnumbers=\mathgroup6
\sympureletters=\mathgroup7
LaTeX Font Info:    Overwriting math alphabet `\mathrm' in version `normal'
(Font)                  OT1/cmss/m/n --> OT1/cmr/m/n on input line 27.
LaTeX Font Info:    Redeclaring math alphabet \mathbf on input line 27.
LaTeX Font Info:    Overwriting math alphabet `\mathbf' in version `normal'
(Font)                  OT1/cmr/bx/n --> OT1/cmss/bx/n on input line 27.
LaTeX Font Info:    Overwriting math alphabet `\mathbf' in version `bold'
(Font)                  OT1/cmr/bx/n --> OT1/cmss/bx/n on input line 27.
LaTeX Font Info:    Redeclaring math alphabet \mathsf on input line 27.
LaTeX Font Info:    Overwriting math alphabet `\mathsf' in version `normal'
(Font)                  OT1/cmss/m/n --> OT1/cmss/m/n on input line 27.
LaTeX Font Info:    Overwriting math alphabet `\mathsf' in version `bold'
(Font)                  OT1/cmss/bx/n --> OT1/cmss/m/n on input line 27.
LaTeX Font Info:    Redeclaring math alphabet \mathit on input line 27.
LaTeX Font Info:    Overwriting math alphabet `\mathit' in version `normal'
(Font)                  OT1/cmr/m/it --> OT1/cmss/m/it on input line 27.
LaTeX Font Info:    Overwriting math alphabet `\mathit' in version `bold'
(Font)                  OT1/cmr/bx/it --> OT1/cmss/m/it on input line 27.
LaTeX Font Info:    Redeclaring math alphabet \mathtt on input line 27.
LaTeX Font Info:    Overwriting math alphabet `\mathtt' in version `normal'
(Font)                  OT1/cmtt/m/n --> OT1/cmtt/m/n on input line 27.
LaTeX Font Info:    Overwriting math alphabet `\mathtt' in version `bold'
(Font)                  OT1/cmtt/m/n --> OT1/cmtt/m/n on input line 27.
LaTeX Font Info:    Overwriting symbol font `numbers' in version `bold'
(Font)                  OT1/cmss/m/n --> OT1/cmss/bx/n on input line 27.
LaTeX Font Info:    Overwriting symbol font `pureletters' in version `bold'
(Font)                  OT1/cmss/m/it --> OT1/cmss/bx/it on input line 27.
LaTeX Font Info:    Overwriting math alphabet `\mathrm' in version `bold'
(Font)                  OT1/cmss/bx/n --> OT1/cmr/bx/n on input line 27.
LaTeX Font Info:    Overwriting math alphabet `\mathbf' in version `bold'
(Font)                  OT1/cmss/bx/n --> OT1/cmss/bx/n on input line 27.
LaTeX Font Info:    Overwriting math alphabet `\mathsf' in version `bold'
(Font)                  OT1/cmss/m/n --> OT1/cmss/bx/n on input line 27.
LaTeX Font Info:    Overwriting math alphabet `\mathit' in version `bold'
(Font)                  OT1/cmss/m/it --> OT1/cmss/bx/it on input line 27.
LaTeX Font Info:    Overwriting math alphabet `\mathtt' in version `bold'
(Font)                  OT1/cmtt/m/n --> OT1/cmtt/bx/n on input line 27.
LaTeX Font Info:    Redeclaring symbol font `pureletters' on input line 27.
LaTeX Font Info:    Overwriting symbol font `pureletters' in version `normal'
(Font)                  OT1/cmss/m/it --> OT1/mathkerncmss/m/sl on input line 2
7.
LaTeX Font Info:    Overwriting symbol font `pureletters' in version `bold'
(Font)                  OT1/cmss/bx/it --> OT1/mathkerncmss/m/sl on input line 
27.
LaTeX Font Info:    Overwriting symbol font `pureletters' in version `bold'
(Font)                  OT1/mathkerncmss/m/sl --> OT1/mathkerncmss/bx/sl on inp
ut line 27.

(/cvmfs/sft.cern.ch/lcg/external/texlive/2014/texmf-dist/tex/latex/beamer/trans
lator/dicts/translator-basic-dictionary/translator-basic-dictionary-English.dic
t
Dictionary: translator-basic-dictionary, Language: English 
)
(/cvmfs/sft.cern.ch/lcg/external/texlive/2014/texmf-dist/tex/latex/beamer/trans
lator/dicts/translator-bibliography-dictionary/translator-bibliography-dictiona
ry-English.dict
Dictionary: translator-bibliography-dictionary, Language: English 
)
(/cvmfs/sft.cern.ch/lcg/external/texlive/2014/texmf-dist/tex/latex/beamer/trans
lator/dicts/translator-environment-dictionary/translator-environment-dictionary
-English.dict
Dictionary: translator-environment-dictionary, Language: English 
)
(/cvmfs/sft.cern.ch/lcg/external/texlive/2014/texmf-dist/tex/latex/beamer/trans
lator/dicts/translator-months-dictionary/translator-months-dictionary-English.d
ict
Dictionary: translator-months-dictionary, Language: English 
)
(/cvmfs/sft.cern.ch/lcg/external/texlive/2014/texmf-dist/tex/latex/beamer/trans
lator/dicts/translator-numbers-dictionary/translator-numbers-dictionary-English
.dict
Dictionary: translator-numbers-dictionary, Language: English 
)
(/cvmfs/sft.cern.ch/lcg/external/texlive/2014/texmf-dist/tex/latex/beamer/trans
lator/dicts/translator-theorem-dictionary/translator-theorem-dictionary-English
.dict
Dictionary: translator-theorem-dictionary, Language: English 
)
LaTeX Info: Redefining \includegraphics on input line 27.
 (./main.nav)
<./figures/logomaetzu.png, id=14, 1048.91875pt x 117.43875pt>
File: ./figures/logomaetzu.png Graphic file (type png)

<use ./figures/logomaetzu.png>
Package pdftex.def Info: ./figures/logomaetzu.png used on input line 34.
(pdftex.def)             Requested size: 194.42451pt x 26.0pt.
 [1

{/cvmfs/sft.cern.ch/lcg/external/texlive/2014/texmf-var/fonts/map/pdftex/updmap
/pdftex.map} <./figures/logomaetzu.png>]
<./sky_mechanics.jpg, id=28, 489.83pt x 375.4025pt>
File: ./sky_mechanics.jpg Graphic file (type jpg)
 <use ./sky_mechanics.jpg>
Package pdftex.def Info: ./sky_mechanics.jpg used on input line 43.
(pdftex.def)             Requested size: 170.12013pt x 130.3754pt.
LaTeX Font Info:    Try loading font information for U+msa on input line 43.

(/cvmfs/sft.cern.ch/lcg/external/texlive/2014/texmf-dist/tex/latex/amsfonts/ums
a.fd
File: umsa.fd 2013/01/14 v3.01 AMS symbols A
)
LaTeX Font Info:    Try loading font information for U+msb on input line 43.

(/cvmfs/sft.cern.ch/lcg/external/texlive/2014/texmf-dist/tex/latex/amsfonts/ums
b.fd
File: umsb.fd 2013/01/14 v3.01 AMS symbols B
)
LaTeX Font Info:    Try loading font information for OT1+mathkerncmss on input 
line 43.

(/cvmfs/sft.cern.ch/lcg/external/texlive/2014/texmf-dist/tex/latex/sansmathacce
nt/ot1mathkerncmss.fd
File: ot1mathkerncmss.fd 2013/03/27 Fontinst v1.933 font definitions for OT1/ma
thkerncmss.
)

LaTeX Font Warning: Font shape `OT1/cmr/m/it' in size <4> not available
(Font)              size <5> substituted on input line 43.


LaTeX Font Warning: Font shape `OT1/cmss/m/n' in size <4> not available
(Font)              size <5> substituted on input line 43.

[2

 <./sky_mechanics.jpg>] <./CMB_pk.png, id=41, 976.64874pt x 633.36626pt>
File: ./CMB_pk.png Graphic file (type png)

<use ./CMB_pk.png>
Package pdftex.def Info: ./CMB_pk.png used on input line 63.
(pdftex.def)             Requested size: 102.68962pt x 66.58755pt.

<./distance_modulus.png, id=42, 1775.63374pt x 1183.42125pt>
File: ./distance_modulus.png Graphic file (type png)

<use ./distance_modulus.png>
Package pdftex.def Info: ./distance_modulus.png used on input line 63.
(pdftex.def)             Requested size: 102.68962pt x 68.43803pt.
 <./bao_dv.png, id=43, 636.3775pt x 318.18875pt>
File: ./bao_dv.png Graphic file (type png)

<use ./bao_dv.png>
Package pdftex.def Info: ./bao_dv.png used on input line 63.
(pdftex.def)             Requested size: 136.91862pt x 68.4578pt.
 <./BBN.png, id=44, 403.5075pt x 403.5075pt>
File: ./BBN.png Graphic file (type png)
 <use ./BBN.png>
Package pdftex.def Info: ./BBN.png used on input line 63.
(pdftex.def)             Requested size: 85.57382pt x 85.57027pt.

[3

 <./CMB_pk.png> <./distance_modulus.png (PNG copy)> <./bao_dv.png> <./BBN.png (
PNG copy)>] <./cosmic_pie.jpg, id=51, 289.08pt x 252.945pt>
File: ./cosmic_pie.jpg Graphic file (type jpg)

<use ./cosmic_pie.jpg>
Package pdftex.def Info: ./cosmic_pie.jpg used on input line 77.
(pdftex.def)             Requested size: 136.91603pt x 119.79889pt.
 [4

 <./cosmic_pie.jpg>] [5

] [6

]
<./equationofstate_planck2015.png, id=74, 948.54375pt x 739.76375pt>
File: ./equationofstate_planck2015.png Graphic file (type png)

<use ./equationofstate_planck2015.png>
Package pdftex.def Info: ./equationofstate_planck2015.png used on input line 11
8.
(pdftex.def)             Requested size: 171.14764pt x 133.46779pt.

<./mg_planck2015.png, id=75, 1098.1025pt x 853.1875pt>
File: ./mg_planck2015.png Graphic file (type png)

<use ./mg_planck2015.png>
Package pdftex.def Info: ./mg_planck2015.png used on input line 118.
(pdftex.def)             Requested size: 171.14764pt x 132.97173pt.
 [7

 <./equationofstate_planck2015.png> <./mg_planck2015.png>] [8

] <./fom.jpg, id=90, 165.61874pt x 150.5625pt>
File: ./fom.jpg Graphic file (type jpg)
 <use ./fom.jpg>
Package pdftex.def Info: ./fom.jpg used on input line 147.
(pdftex.def)             Requested size: 136.91862pt x 124.47748pt.

[9

 <./fom.jpg>] <./cerrotololo.jpg, id=97, 803.0pt x 543.02875pt>
File: ./cerrotololo.jpg Graphic file (type jpg)

<use ./cerrotololo.jpg>
Package pdftex.def Info: ./cerrotololo.jpg used on input line 158.
(pdftex.def)             Requested size: 239.60567pt x 162.03156pt.
 <./decam.jpg, id=98, 2890.8pt x 3854.4pt>
File: ./decam.jpg Graphic file (type jpg)

<use ./decam.jpg>
Package pdftex.def Info: ./decam.jpg used on input line 158.
(pdftex.def)             Requested size: 102.68962pt x 136.91743pt.
 <./decam-fov.jpg, id=99, 1003.75pt x 923.45pt>
File: ./decam-fov.jpg Graphic file (type jpg)

<use ./decam-fov.jpg>
Package pdftex.def Info: ./decam-fov.jpg used on input line 158.
(pdftex.def)             Requested size: 102.68962pt x 94.464pt.
 [10

 <./cerrotololo.jpg> <./decam.jpg> <./decam-fov.jpg>]
<./des_footprint.png, id=106, 936.49875pt x 423.5825pt>
File: ./des_footprint.png Graphic file (type png)

<use ./des_footprint.png>
Package pdftex.def Info: ./des_footprint.png used on input line 175.
(pdftex.def)             Requested size: 205.37926pt x 92.89111pt.

<./des-filters.jpg, id=107, 375.65344pt x 365.11406pt>
File: ./des-filters.jpg Graphic file (type jpg)
 <use ./des-filters.jpg>
Package pdftex.def Info: ./des-filters.jpg used on input line 175.
(pdftex.def)             Requested size: 102.68962pt x 99.80777pt.

[11

 <./des_footprint.png> <./des-filters.jpg>]
<./des_tiles.png, id=115, 977.6525pt x 455.7025pt>
File: ./des_tiles.png Graphic file (type png)
 <use ./des_tiles.png>
Package pdftex.def Info: ./des_tiles.png used on input line 184.
(pdftex.def)             Requested size: 273.83728pt x 127.63754pt.

[12

 <./des_tiles.png>] <./des_y1_result.png, id=122, 848.16875pt x 800.9925pt>
File: ./des_y1_result.png Graphic file (type png)

<use ./des_y1_result.png>
Package pdftex.def Info: ./des_y1_result.png used on input line 193.
(pdftex.def)             Requested size: 205.37926pt x 193.95322pt.
 [13

 <./des_y1_result.png>]
<./dark_matter_anihilation.jpg, id=131, 1280.785pt x 820.06375pt>
File: ./dark_matter_anihilation.jpg Graphic file (type jpg)

<use ./dark_matter_anihilation.jpg>
Package pdftex.def Info: ./dark_matter_anihilation.jpg used on input line 202.
(pdftex.def)             Requested size: 273.83728pt x 175.32173pt.
 [14

 <./dark_matter_anihilation.jpg>]
<./TNOS.jpg, id=138, 481.8pt x 361.35pt>
File: ./TNOS.jpg Graphic file (type jpg)
 <use ./TNOS.jpg>
Package pdftex.def Info: ./TNOS.jpg used on input line 211.
(pdftex.def)             Requested size: 205.37926pt x 154.03212pt.
 [15

 <./TNOS.jpg>]
[16

] <./light_bending.jpg, id=150, 792.9625pt x 633.36626pt>
File: ./light_bending.jpg Graphic file (type jpg)

<use ./light_bending.jpg>
Package pdftex.def Info: ./light_bending.jpg used on input line 237.
(pdftex.def)             Requested size: 154.03183pt x 123.02753pt.

<./universelensing.jpg, id=151, 602.25pt x 451.6875pt>
File: ./universelensing.jpg Graphic file (type jpg)

<use ./universelensing.jpg>
Package pdftex.def Info: ./universelensing.jpg used on input line 237.
(pdftex.def)             Requested size: 154.03183pt x 115.51994pt.

Overfull \vbox (3.07013pt too high) detected at line 237
 []

[17

 <./light_bending.jpg> <./universelensing.jpg>]
<./strong_lens_diagram.jpg, id=158, 1027.84pt x 534.99875pt>
File: ./strong_lens_diagram.jpg Graphic file (type jpg)

<use ./strong_lens_diagram.jpg>
Package pdftex.def Info: ./strong_lens_diagram.jpg used on input line 253.
(pdftex.def)             Requested size: 171.14764pt x 89.07916pt.

<./strong_lens_picture.jpg, id=159, 763.35187pt x 504.38437pt>
File: ./strong_lens_picture.jpg Graphic file (type jpg)

<use ./strong_lens_picture.jpg>
Package pdftex.def Info: ./strong_lens_picture.jpg used on input line 253.
(pdftex.def)             Requested size: 171.14764pt x 113.08138pt.
 [18

 <./strong_lens_diagram.jpg> <./strong_lens_picture.jpg>]
<./figures/gravitational_lens.jpg, id=166, 440.39531pt x 213.04594pt>
File: ./figures/gravitational_lens.jpg Graphic file (type jpg)

<use ./figures/gravitational_lens.jpg>
Package pdftex.def Info: ./figures/gravitational_lens.jpg used on input line 27
5.
(pdftex.def)             Requested size: 171.14764pt x 82.795pt.
 [19

 <./figures/gravitational_lens.jpg>]
<./figures/shearoff.jpg, id=177, 565.11125pt x 454.69875pt>
File: ./figures/shearoff.jpg Graphic file (type jpg)

<use ./figures/shearoff.jpg>
Package pdftex.def Info: ./figures/shearoff.jpg used on input line 303.
(pdftex.def)             Requested size: 82.15013pt x 66.09267pt.

<./figures/shearon.jpg, id=178, 250.9375pt x 201.75375pt>
File: ./figures/shearon.jpg Graphic file (type jpg)

<use ./figures/shearon.jpg>
Package pdftex.def Info: ./figures/shearon.jpg used on input line 303.
(pdftex.def)             Requested size: 82.15013pt x 66.04942pt.

<./figures/numbercount.jpg, id=179, 2007.5pt x 1003.75pt>
File: ./figures/numbercount.jpg Graphic file (type jpg)

<use ./figures/numbercount.jpg>
Package pdftex.def Info: ./figures/numbercount.jpg used on input line 303.
(pdftex.def)             Requested size: 167.72395pt x 83.85493pt.
 [20

 <./figures/shearoff.jpg> <./figures/shearon.jpg> <./figures/numbercount.jpg>]
<./figures/distortion.png, id=187, 504.88625pt x 315.1775pt>
File: ./figures/distortion.png Graphic file (type png)

<use ./figures/distortion.png>
Package pdftex.def Info: ./figures/distortion.png used on input line 322.
(pdftex.def)             Requested size: 171.14764pt x 106.84152pt.
 [21

 <./figures/distortion.png (PNG copy)>]
[22

] <./figures/lenseffect.jpg, id=200, 397.485pt x 298.2342pt>
File: ./figures/lenseffect.jpg Graphic file (type jpg)

<use ./figures/lenseffect.jpg>
Package pdftex.def Info: ./figures/lenseffect.jpg used on input line 358.
(pdftex.def)             Requested size: 171.14764pt x 128.41568pt.

<./figures/gglensing.png, id=201, 401.5pt x 401.5pt>
File: ./figures/gglensing.png Graphic file (type png)

<use ./figures/gglensing.png>
Package pdftex.def Info: ./figures/gglensing.png used on input line 358.
(pdftex.def)             Requested size: 171.14764pt x 83.69151pt.
 [23

 <./figures/gglensing.png> <./figures/lenseffect.jpg>] [24

] [25

] [26

] [27

]
<./figures/lbg_template.jpg, id=235, 548.5293pt x 541.3023pt>
File: ./figures/lbg_template.jpg Graphic file (type jpg)

<use ./figures/lbg_template.jpg>
Package pdftex.def Info: ./figures/lbg_template.jpg used on input line 440.
(pdftex.def)             Requested size: 171.14764pt x 168.89224pt.
 [28

 <./figures/lbg_template.jpg>]
<./figures/footprint.pdf, id=243, 453.695pt x 401.5pt>
File: ./figures/footprint.pdf Graphic file (type pdf)

<use ./figures/footprint.pdf>
Package pdftex.def Info: ./figures/footprint.pdf used on input line 457.
(pdftex.def)             Requested size: 106.07143pt x 93.87044pt.

<./figures/TPZ_phis_i.pdf, id=244, 569.12625pt x 385.44pt>
File: ./figures/TPZ_phis_i.pdf Graphic file (type pdf)

<use ./figures/TPZ_phis_i.pdf>
Package pdftex.def Info: ./figures/TPZ_phis_i.pdf used on input line 457.
(pdftex.def)             Requested size: 153.99614pt x 104.29872pt.
 [29

 <./figures/footprint.pdf> <./figures/TPZ_phis_i.pdf>] [30

] [31

] [32

] <./figures/mag_r.pdf, id=286, 569.12625pt x 385.44pt>
File: ./figures/mag_r.pdf Graphic file (type pdf)

<use ./figures/mag_r.pdf>
Package pdftex.def Info: ./figures/mag_r.pdf used on input line 520.
(pdftex.def)             Requested size: 342.2953pt x 132.57227pt.
 [33

 <./figures/mag_r.pdf>]
<./figures/mag_i.pdf, id=304, 569.12625pt x 385.44pt>
File: ./figures/mag_i.pdf Graphic file (type pdf)

<use ./figures/mag_i.pdf>
Package pdftex.def Info: ./figures/mag_i.pdf used on input line 528.
(pdftex.def)             Requested size: 342.2953pt x 132.57227pt.
 [34

 <./figures/mag_i.pdf>]
<./figures/mag_z.pdf, id=322, 569.12625pt x 385.44pt>
File: ./figures/mag_z.pdf Graphic file (type pdf)

<use ./figures/mag_z.pdf>
Package pdftex.def Info: ./figures/mag_z.pdf used on input line 536.
(pdftex.def)             Requested size: 342.2953pt x 132.57227pt.
 [35

 <./figures/mag_z.pdf>] [36

]
<./alphai.pdf, id=347, 569.12625pt x 385.44pt>
File: ./alphai.pdf Graphic file (type pdf)
 <use ./alphai.pdf>
Package pdftex.def Info: ./alphai.pdf used on input line 561.
(pdftex.def)             Requested size: 205.37926pt x 139.09352pt.
 [37

 <./alphai.pdf>] [38

] <./cov_matrix_mag_auto_i.pdf, id=372, 569.12625pt x 550.055pt>
File: ./cov_matrix_mag_auto_i.pdf Graphic file (type pdf)

<use ./cov_matrix_mag_auto_i.pdf>
Package pdftex.def Info: ./cov_matrix_mag_auto_i.pdf used on input line 595.
(pdftex.def)             Requested size: 171.14764pt x 165.41225pt.

Overfull \vbox (2.89273pt too high) detected at line 595
 []

[39

 <./cov_matrix_mag_auto_i.pdf>] [40

]
<./acromatic_short.pdf, id=394, 569.12625pt x 385.44pt>
File: ./acromatic_short.pdf Graphic file (type pdf)

<use ./acromatic_short.pdf>
Package pdftex.def Info: ./acromatic_short.pdf used on input line 643.
(pdftex.def)             Requested size: 205.37926pt x 139.09352pt.
 [41

 <./acromatic_short.pdf>]

LaTeX Font Warning: Font shape `OT1/cmss/m/sc' in size <10.95> not available
(Font)              Font shape `OT1/cmr/m/sc' tried instead on input line 663.

[42

]

LaTeX Font Warning: Font shape `OT1/cmss/bx/sc' undefined
(Font)              using `OT1/cmss/bx/n' instead on input line 680.

<./balrog_footprint.png, id=417, 877.2775pt x 443.6575pt>
File: ./balrog_footprint.png Graphic file (type png)

<use ./balrog_footprint.png>
Package pdftex.def Info: ./balrog_footprint.png used on input line 680.
(pdftex.def)             Requested size: 205.37926pt x 103.8601pt.
 [43

 <./balrog_footprint.png (PNG copy)>]
<./magdist_balrog.png, id=426, 1209.51875pt x 653.44125pt>
File: ./magdist_balrog.png Graphic file (type png)

<use ./magdist_balrog.png>
Package pdftex.def Info: ./magdist_balrog.png used on input line 696.
(pdftex.def)             Requested size: 239.60567pt x 129.43959pt.
 [44

 <./magdist_balrog.png (PNG copy)>]
<./mag_itheo_photoz_short.pdf, id=435, 569.12625pt x 385.44pt>
File: ./mag_itheo_photoz_short.pdf Graphic file (type pdf)

<use ./mag_itheo_photoz_short.pdf>
Package pdftex.def Info: ./mag_itheo_photoz_short.pdf used on input line 704.
(pdftex.def)             Requested size: 256.72147pt x 173.86984pt.
 [45

 <./mag_itheo_photoz_short.pdf, page is rotated 90 degrees>] <./mag_i_mix_short
.pdf, id=484, 569.12625pt x 385.44pt>
File: ./mag_i_mix_short.pdf Graphic file (type pdf)

<use ./mag_i_mix_short.pdf>
Package pdftex.def Info: ./mag_i_mix_short.pdf used on input line 712.
(pdftex.def)             Requested size: 256.72147pt x 173.86984pt.
 [46

 <./mag_i_mix_short.pdf, page is rotated 90 degrees>] <./photoz_short.pdf, id=5
34, 569.12625pt x 385.44pt>
File: ./photoz_short.pdf Graphic file (type pdf)

<use ./photoz_short.pdf>
Package pdftex.def Info: ./photoz_short.pdf used on input line 720.
(pdftex.def)             Requested size: 256.72147pt x 173.86984pt.
 [47

 <./photoz_short.pdf>] [48

]
<./voids_local_universe.jpg, id=555, 738.76pt x 662.475pt>
File: ./voids_local_universe.jpg Graphic file (type jpg)

<use ./voids_local_universe.jpg>
Package pdftex.def Info: ./voids_local_universe.jpg used on input line 746.
(pdftex.def)             Requested size: 136.91603pt x 122.77834pt.

Overfull \vbox (0.51112pt too high) detected at line 746
 []

[49

 <./voids_local_universe.jpg>]
<./figures/krause_void.png, id=563, 375.4025pt x 744.7825pt>
File: ./figures/krause_void.png Graphic file (type png)

<use ./figures/krause_void.png>
Package pdftex.def Info: ./figures/krause_void.png used on input line 772.
(pdftex.def)             Requested size: 105.14063pt x 208.60144pt.

Overfull \hbox (8.91048pt too wide) detected at line 772
[][][] $[]$[][][][][][][][] $[]$[][][][][][][][] $[]$[][][][][][] 
 []

[50

 <./figures/krause_void.png>]
<./figures/gg-trough.png, id=571, 785.93625pt x 797.98125pt>
File: ./figures/gg-trough.png Graphic file (type png)

<use ./figures/gg-trough.png>
Package pdftex.def Info: ./figures/gg-trough.png used on input line 792.
(pdftex.def)             Requested size: 123.22592pt x 125.11043pt.

<./figures/gg-voids.png, id=572, 823.075pt x 707.64375pt>
File: ./figures/gg-voids.png Graphic file (type png)

<use ./figures/gg-voids.png>
Package pdftex.def Info: ./figures/gg-voids.png used on input line 792.
(pdftex.def)             Requested size: 136.91862pt x 117.71718pt.
 [51

 <./figures/gg-trough.png> <./figures/gg-voids.png>] <./figures/void_fr.png, id
=581, 606.265pt x 591.20876pt>
File: ./figures/void_fr.png Graphic file (type png)

<use ./figures/void_fr.png>
Package pdftex.def Info: ./figures/void_fr.png used on input line 809.
(pdftex.def)             Requested size: 136.91862pt x 133.51239pt.

<./figures/void_fr2.png, id=582, 639.38875pt x 644.4075pt>
File: ./figures/void_fr2.png Graphic file (type png)

<use ./figures/void_fr2.png>
Package pdftex.def Info: ./figures/void_fr2.png used on input line 809.
(pdftex.def)             Requested size: 136.91862pt x 137.99426pt.
 [52

 <./figures/void_fr.png> <./figures/void_fr2.png>] <./masky1.png, id=591, 674.5
2pt x 401.5pt>
File: ./masky1.png Graphic file (type png)
 <use ./masky1.png>
Package pdftex.def Info: ./masky1.png used on input line 829.
(pdftex.def)             Requested size: 171.14764pt x 101.86958pt.
 [53

 <./masky1.png (PNG copy)>] <./voids_footprint.png, id=598, 578.16pt x 433.62pt
>
File: ./voids_footprint.png Graphic file (type png)

<use ./voids_footprint.png>
Package pdftex.def Info: ./voids_footprint.png used on input line 852.
(pdftex.def)             Requested size: 102.68962pt x 77.01605pt.

<./trough_10_q0.png, id=599, 614.295pt x 390.258pt>
File: ./trough_10_q0.png Graphic file (type png)
 <use ./trough_10_q0.png>
Package pdftex.def Info: ./trough_10_q0.png used on input line 852.
(pdftex.def)             Requested size: 102.68962pt x 65.23537pt.

<./phiz_mag_auto_i1.png, id=600, 578.16pt x 433.62pt>
File: ./phiz_mag_auto_i1.png Graphic file (type png)

<use ./phiz_mag_auto_i1.png>
Package pdftex.def Info: ./phiz_mag_auto_i1.png used on input line 852.
(pdftex.def)             Requested size: 128.36073pt x 96.27007pt.

<./lognormal.png, id=601, 805.0075pt x 805.0075pt>
File: ./lognormal.png Graphic file (type png)
 <use ./lognormal.png>
Package pdftex.def Info: ./lognormal.png used on input line 852.
(pdftex.def)             Requested size: 119.80283pt x 119.8001pt.

[54

 <./voids_footprint.png> <./trough_10_q0.png> <./phiz_mag_auto_i1.png> <./logno
rmal.png>] <./troughs_ap10_mag_auto_i1.png, id=612, 867.24pt x 433.62pt>
File: ./troughs_ap10_mag_auto_i1.png Graphic file (type png)

<use ./troughs_ap10_mag_auto_i1.png>
Package pdftex.def Info: ./troughs_ap10_mag_auto_i1.png used on input line 857.

(pdftex.def)             Requested size: 342.2953pt x 171.149pt.
 [55

 <./troughs_ap10_mag_auto_i1.png>]
<./troughs_ap20_mag_auto_i1.png, id=621, 867.24pt x 433.62pt>
File: ./troughs_ap20_mag_auto_i1.png Graphic file (type png)

<use ./troughs_ap20_mag_auto_i1.png>
Package pdftex.def Info: ./troughs_ap20_mag_auto_i1.png used on input line 862.

(pdftex.def)             Requested size: 342.2953pt x 171.149pt.
 [56

 <./troughs_ap20_mag_auto_i1.png>]
<./troughs_ap30_mag_auto_i1.png, id=629, 867.24pt x 433.62pt>
File: ./troughs_ap30_mag_auto_i1.png Graphic file (type png)

<use ./troughs_ap30_mag_auto_i1.png>
Package pdftex.def Info: ./troughs_ap30_mag_auto_i1.png used on input line 867.

(pdftex.def)             Requested size: 342.2953pt x 171.149pt.
 [57

 <./troughs_ap30_mag_auto_i1.png>]
[58

] [59

] <./void_stacked_mag_auto_i1.png, id=649, 578.16pt x 433.62pt>
File: ./void_stacked_mag_auto_i1.png Graphic file (type png)

<use ./void_stacked_mag_auto_i1.png>
Package pdftex.def Info: ./void_stacked_mag_auto_i1.png used on input line 910.

(pdftex.def)             Requested size: 239.60567pt x 179.70413pt.
 [60

 <./void_stacked_mag_auto_i1.png>]
[61

] [62

] [63

]
\tf@nav=\write6
\openout6 = `main.nav'.

\tf@toc=\write7
\openout7 = `main.toc'.

\tf@snm=\write8
\openout8 = `main.snm'.

Package atveryend Info: Empty hook `BeforeClearDocument' on input line 957.
Package atveryend Info: Empty hook `AfterLastShipout' on input line 957.
 (./main.aux)
Package atveryend Info: Executing hook `AtVeryEndDocument' on input line 957.
Package atveryend Info: Executing hook `AtEndAfterFileList' on input line 957.
Package rerunfilecheck Info: File `main.out' has not changed.
(rerunfilecheck)             Checksum: D41D8CD98F00B204E9800998ECF8427E;0.


LaTeX Font Warning: Size substitutions with differences
(Font)              up to 1.0pt have occurred.


LaTeX Font Warning: Some font shapes were not available, defaults substituted.

Package atveryend Info: Empty hook `AtVeryVeryEnd' on input line 957.
 ) 
Here is how much of TeX's memory you used:
 18468 strings out of 493109
 359126 string characters out of 6125602
 423020 words of memory out of 5000000
 21261 multiletter control sequences out of 15000+600000
 20283 words of font info for 72 fonts, out of 8000000 for 9000
 1141 hyphenation exceptions out of 8191
 56i,16n,57p,405b,682s stack positions out of 5000i,500n,10000p,200000b,80000s
</cvmfs/sft.cern.ch/lcg/external/texlive/2014/texmf-dist/fonts/type1/public/a
msfonts/cm/cmcsc10.pfb></cvmfs/sft.cern.ch/lcg/external/texlive/2014/texmf-dist
/fonts/type1/public/amsfonts/cm/cmex10.pfb></cvmfs/sft.cern.ch/lcg/external/tex
live/2014/texmf-dist/fonts/type1/public/amsfonts/cm/cmmi10.pfb></cvmfs/sft.cern
.ch/lcg/external/texlive/2014/texmf-dist/fonts/type1/public/amsfonts/cm/cmmi8.p
fb></cvmfs/sft.cern.ch/lcg/external/texlive/2014/texmf-dist/fonts/type1/public/
amsfonts/cm/cmr6.pfb></cvmfs/sft.cern.ch/lcg/external/texlive/2014/texmf-dist/f
onts/type1/public/amsfonts/cm/cmr8.pfb></cvmfs/sft.cern.ch/lcg/external/texlive
/2014/texmf-dist/fonts/type1/public/amsfonts/cm/cmss10.pfb></cvmfs/sft.cern.ch/
lcg/external/texlive/2014/texmf-dist/fonts/type1/public/amsfonts/cm/cmss8.pfb><
/cvmfs/sft.cern.ch/lcg/external/texlive/2014/texmf-dist/fonts/type1/public/amsf
onts/cm/cmss9.pfb></cvmfs/sft.cern.ch/lcg/external/texlive/2014/texmf-dist/font
s/type1/public/amsfonts/cm/cmssbx10.pfb></cvmfs/sft.cern.ch/lcg/external/texliv
e/2014/texmf-dist/fonts/type1/public/amsfonts/cm/cmssi10.pfb></cvmfs/sft.cern.c
h/lcg/external/texlive/2014/texmf-dist/fonts/type1/public/amsfonts/cm/cmssi8.pf
b></cvmfs/sft.cern.ch/lcg/external/texlive/2014/texmf-dist/fonts/type1/public/a
msfonts/cm/cmsy10.pfb></cvmfs/sft.cern.ch/lcg/external/texlive/2014/texmf-dist/
fonts/type1/public/amsfonts/cm/cmsy6.pfb></cvmfs/sft.cern.ch/lcg/external/texli
ve/2014/texmf-dist/fonts/type1/public/amsfonts/cm/cmsy8.pfb></cvmfs/sft.cern.ch
/lcg/external/texlive/2014/texmf-dist/fonts/type1/public/amsfonts/cm/cmti10.pfb
></cvmfs/sft.cern.ch/lcg/external/texlive/2014/texmf-dist/fonts/type1/public/am
sfonts/cm/cmti12.pfb></cvmfs/sft.cern.ch/lcg/external/texlive/2014/texmf-dist/f
onts/type1/public/amsfonts/cm/cmti7.pfb></cvmfs/sft.cern.ch/lcg/external/texliv
e/2014/texmf-dist/fonts/type1/public/amsfonts/cm/cmtt10.pfb></cvmfs/sft.cern.ch
/lcg/external/texlive/2014/texmf-dist/fonts/type1/public/amsfonts/cm/cmtt9.pfb>
</cvmfs/sft.cern.ch/lcg/external/texlive/2014/texmf-dist/fonts/type1/public/ams
fonts/symbols/msam10.pfb>
Output written on main.pdf (63 pages, 8841117 bytes).
PDF statistics:
 774 PDF objects out of 1000 (max. 8388607)
 522 compressed objects within 6 object streams
 127 named destinations out of 1000 (max. 500000)
 380 words of extra memory for PDF output out of 10000 (max. 10000000)

